Notice: Output directory `doc' does not exist. I have created it for you.
/mnt/TNCG18/OpenGL-Scenegraph/Src/Graph/Camera.cpp:20: warning: no matching class member found for 
  void Camera::SetPosition(3DVector3f origin)
Possible candidates:
  void Camera::SetPosition(const M3DVector3f)

/mnt/TNCG18/OpenGL-Scenegraph/Src/Graph/Camera.cpp:30: warning: no matching class member found for 
  const M3DMatrix44f & Camera::GetViewMatrix() const
Possible candidates:
  const M3DMatrix44f & Camera::GetViewMatrix()

/mnt/TNCG18/OpenGL-Scenegraph/Src/Graph/Camera.cpp:35: warning: no matching class member found for 
  const M3DMatrix44f Camera::GetProjectionMatrix() const
Possible candidates:
  const M3DMatrix44f & Camera::GetProjectionMatrix()

/mnt/TNCG18/OpenGL-Scenegraph/Src/Graph/Camera.cpp:40: warning: no matching class member found for 
  void Camera::SetOrthographic(GLfloat xMin, GLfloat xMax, GLfloat yMin, GLfloat yMax, GLfloat zMin, GLfloat zMax)
Possible candidates:
  void Camera::SetOrthographic()

/mnt/TNCG18/OpenGL-Scenegraph/Src/Graph/Camera.cpp:43: warning: no matching class member found for 
  void Camera::SetPerspective(float fFov, float fAspect, float fNear, float fFar)
Possible candidates:
  void Camera::SetPerspective()

/mnt/TNCG18/OpenGL-Scenegraph/Src/Graph/Light.cpp:31: warning: no matching class member found for 
  void Light::GetDiffuse(M3DVector4f v)
Possible candidates:
  void Light::GetDiffuse(M3DVector4f) const 

/mnt/TNCG18/OpenGL-Scenegraph/Src/Graph/Light.cpp:32: warning: documented function `void Light::GetAmbient' was not declared or defined.
/mnt/TNCG18/OpenGL-Scenegraph/Src/Graph/Light.cpp:33: warning: documented function `void Light::GetSpecular' was not declared or defined.
/mnt/TNCG18/OpenGL-Scenegraph/Src/MeshLoaders/MeshFileLoader.cpp:3: warning: no uniquely matching class member found for 
  Mesh * MeshFileLoader::Load(const string &Name)

/mnt/TNCG18/OpenGL-Scenegraph/Src/MeshLoaders/MeshFileLoaderObj.cpp:9: warning: no uniquely matching class member found for 
  Mesh * MeshFileLoaderObj::Load(const istream &Stream)

/mnt/TNCG18/OpenGL-Scenegraph/Src/MeshLoaders/MeshFileLoaderObj.cpp:19: warning: documented function `bool MeshFileLoaderObj::AcceptFile' was not declared or defined.
